Analysis & Synthesis report for sha1
Tue May  1 16:35:31 2018
Quartus Prime Version 17.1.0 Build 590 10/25/2017 SJ Lite Edition


---------------------
; Table of Contents ;
---------------------
  1. Legal Notice
  2. Analysis & Synthesis Summary
  3. Analysis & Synthesis Settings
  4. Parallel Compilation
  5. Analysis & Synthesis Source Files Read
  6. Analysis & Synthesis Resource Usage Summary
  7. Analysis & Synthesis Resource Utilization by Entity
  8. State Machine - |sha1|sha1_core_0x187abc469c6b3e24:core|sha1_ctrl_reg
  9. State Machine - |sha1|sha1_core_0x187abc469c6b3e24:core|sha1_w_mem_0x7b9c5c7418aeb58d:w_mem_inst|sha1_w_mem_ctrl_reg
 10. General Register Statistics
 11. Multiplexer Restructuring Statistics (Restructuring Performed)
 12. Post-Synthesis Netlist Statistics for Top Partition
 13. Elapsed Time Per Partition
 14. Analysis & Synthesis Messages



----------------
; Legal Notice ;
----------------
Copyright (C) 2017  Intel Corporation. All rights reserved.
Your use of Intel Corporation's design tools, logic functions 
and other software and tools, and its AMPP partner logic 
functions, and any output files from any of the foregoing 
(including device programming or simulation files), and any 
associated documentation or information are expressly subject 
to the terms and conditions of the Intel Program License 
Subscription Agreement, the Intel Quartus Prime License Agreement,
the Intel FPGA IP License Agreement, or other applicable license
agreement, including, without limitation, that your use is for
the sole purpose of programming logic devices manufactured by
Intel and sold by Intel or its authorized distributors.  Please
refer to the applicable agreement for further details.



+-------------------------------------------------------------------------------+
; Analysis & Synthesis Summary                                                  ;
+---------------------------------+---------------------------------------------+
; Analysis & Synthesis Status     ; Successful - Tue May  1 16:35:31 2018       ;
; Quartus Prime Version           ; 17.1.0 Build 590 10/25/2017 SJ Lite Edition ;
; Revision Name                   ; sha1                                        ;
; Top-level Entity Name           ; sha1                                        ;
; Family                          ; Cyclone V                                   ;
; Logic utilization (in ALMs)     ; N/A                                         ;
; Total registers                 ; 1527                                        ;
; Total pins                      ; 78                                          ;
; Total virtual pins              ; 0                                           ;
; Total block memory bits         ; 0                                           ;
; Total DSP Blocks                ; 0                                           ;
; Total HSSI RX PCSs              ; 0                                           ;
; Total HSSI PMA RX Deserializers ; 0                                           ;
; Total HSSI TX PCSs              ; 0                                           ;
; Total HSSI PMA TX Serializers   ; 0                                           ;
; Total PLLs                      ; 0                                           ;
; Total DLLs                      ; 0                                           ;
+---------------------------------+---------------------------------------------+


+---------------------------------------------------------------------------------------------------------------------------+
; Analysis & Synthesis Settings                                                                                             ;
+---------------------------------------------------------------------------------+--------------------+--------------------+
; Option                                                                          ; Setting            ; Default Value      ;
+---------------------------------------------------------------------------------+--------------------+--------------------+
; Device                                                                          ; 5CGXFC7C7F23C8     ;                    ;
; Top-level entity name                                                           ; sha1               ; sha1               ;
; Family name                                                                     ; Cyclone V          ; Cyclone V          ;
; Maximum processors allowed for parallel compilation                             ; 2                  ;                    ;
; Use smart compilation                                                           ; Off                ; Off                ;
; Enable parallel Assembler and TimeQuest Timing Analyzer during compilation      ; On                 ; On                 ;
; Enable compact report table                                                     ; Off                ; Off                ;
; Restructure Multiplexers                                                        ; Auto               ; Auto               ;
; MLAB Add Timing Constraints For Mixed-Port Feed-Through Mode Setting Don't Care ; Off                ; Off                ;
; Create Debugging Nodes for IP Cores                                             ; Off                ; Off                ;
; Preserve fewer node names                                                       ; On                 ; On                 ;
; Intel FPGA IP Evaluation Mode                                                   ; Enable             ; Enable             ;
; Verilog Version                                                                 ; Verilog_2001       ; Verilog_2001       ;
; VHDL Version                                                                    ; VHDL_1993          ; VHDL_1993          ;
; State Machine Processing                                                        ; Auto               ; Auto               ;
; Safe State Machine                                                              ; Off                ; Off                ;
; Extract Verilog State Machines                                                  ; On                 ; On                 ;
; Extract VHDL State Machines                                                     ; On                 ; On                 ;
; Ignore Verilog initial constructs                                               ; Off                ; Off                ;
; Iteration limit for constant Verilog loops                                      ; 5000               ; 5000               ;
; Iteration limit for non-constant Verilog loops                                  ; 250                ; 250                ;
; Add Pass-Through Logic to Inferred RAMs                                         ; On                 ; On                 ;
; Infer RAMs from Raw Logic                                                       ; On                 ; On                 ;
; Parallel Synthesis                                                              ; On                 ; On                 ;
; DSP Block Balancing                                                             ; Auto               ; Auto               ;
; NOT Gate Push-Back                                                              ; On                 ; On                 ;
; Power-Up Don't Care                                                             ; On                 ; On                 ;
; Remove Redundant Logic Cells                                                    ; Off                ; Off                ;
; Remove Duplicate Registers                                                      ; On                 ; On                 ;
; Ignore CARRY Buffers                                                            ; Off                ; Off                ;
; Ignore CASCADE Buffers                                                          ; Off                ; Off                ;
; Ignore GLOBAL Buffers                                                           ; Off                ; Off                ;
; Ignore ROW GLOBAL Buffers                                                       ; Off                ; Off                ;
; Ignore LCELL Buffers                                                            ; Off                ; Off                ;
; Ignore SOFT Buffers                                                             ; On                 ; On                 ;
; Limit AHDL Integers to 32 Bits                                                  ; Off                ; Off                ;
; Optimization Technique                                                          ; Balanced           ; Balanced           ;
; Carry Chain Length                                                              ; 70                 ; 70                 ;
; Auto Carry Chains                                                               ; On                 ; On                 ;
; Auto Open-Drain Pins                                                            ; On                 ; On                 ;
; Perform WYSIWYG Primitive Resynthesis                                           ; Off                ; Off                ;
; Auto ROM Replacement                                                            ; On                 ; On                 ;
; Auto RAM Replacement                                                            ; On                 ; On                 ;
; Auto DSP Block Replacement                                                      ; On                 ; On                 ;
; Auto Shift Register Replacement                                                 ; Auto               ; Auto               ;
; Allow Shift Register Merging across Hierarchies                                 ; Auto               ; Auto               ;
; Auto Clock Enable Replacement                                                   ; On                 ; On                 ;
; Strict RAM Replacement                                                          ; Off                ; Off                ;
; Allow Synchronous Control Signals                                               ; On                 ; On                 ;
; Force Use of Synchronous Clear Signals                                          ; Off                ; Off                ;
; Auto Resource Sharing                                                           ; Off                ; Off                ;
; Allow Any RAM Size For Recognition                                              ; Off                ; Off                ;
; Allow Any ROM Size For Recognition                                              ; Off                ; Off                ;
; Allow Any Shift Register Size For Recognition                                   ; Off                ; Off                ;
; Use LogicLock Constraints during Resource Balancing                             ; On                 ; On                 ;
; Ignore translate_off and synthesis_off directives                               ; Off                ; Off                ;
; Timing-Driven Synthesis                                                         ; On                 ; On                 ;
; Report Parameter Settings                                                       ; On                 ; On                 ;
; Report Source Assignments                                                       ; On                 ; On                 ;
; Report Connectivity Checks                                                      ; On                 ; On                 ;
; Ignore Maximum Fan-Out Assignments                                              ; Off                ; Off                ;
; Synchronization Register Chain Length                                           ; 3                  ; 3                  ;
; Power Optimization During Synthesis                                             ; Normal compilation ; Normal compilation ;
; HDL message level                                                               ; Level2             ; Level2             ;
; Suppress Register Optimization Related Messages                                 ; Off                ; Off                ;
; Number of Removed Registers Reported in Synthesis Report                        ; 5000               ; 5000               ;
; Number of Swept Nodes Reported in Synthesis Report                              ; 5000               ; 5000               ;
; Number of Inverted Registers Reported in Synthesis Report                       ; 100                ; 100                ;
; Clock MUX Protection                                                            ; On                 ; On                 ;
; Auto Gated Clock Conversion                                                     ; Off                ; Off                ;
; Block Design Naming                                                             ; Auto               ; Auto               ;
; SDC constraint protection                                                       ; Off                ; Off                ;
; Synthesis Effort                                                                ; Auto               ; Auto               ;
; Shift Register Replacement - Allow Asynchronous Clear Signal                    ; On                 ; On                 ;
; Pre-Mapping Resynthesis Optimization                                            ; Off                ; Off                ;
; Analysis & Synthesis Message Level                                              ; Medium             ; Medium             ;
; Disable Register Merging Across Hierarchies                                     ; Auto               ; Auto               ;
; Resource Aware Inference For Block RAM                                          ; On                 ; On                 ;
; Automatic Parallel Synthesis                                                    ; On                 ; On                 ;
; Partial Reconfiguration Bitstream ID                                            ; Off                ; Off                ;
+---------------------------------------------------------------------------------+--------------------+--------------------+


+------------------------------------------+
; Parallel Compilation                     ;
+----------------------------+-------------+
; Processors                 ; Number      ;
+----------------------------+-------------+
; Number detected on machine ; 4           ;
; Maximum allowed            ; 2           ;
;                            ;             ;
; Average used               ; 1.00        ;
; Maximum used               ; 2           ;
;                            ;             ;
; Usage by Processor         ; % Time Used ;
;     Processor 1            ; 100.0%      ;
;     Processor 2            ;   0.0%      ;
+----------------------------+-------------+


+------------------------------------------------------------------------------------------------------------------------------------------------------------------------------------------------------------------------------------------------+
; Analysis & Synthesis Source Files Read                                                                                                                                                                                                         ;
+---------------------------------------------------------------------------------------------+-----------------+------------------------+---------------------------------------------------------------------------------------------+---------+
; File Name with User-Entered Path                                                            ; Used in Netlist ; File Type              ; File Name with Absolute Path                                                                ; Library ;
+---------------------------------------------------------------------------------------------+-----------------+------------------------+---------------------------------------------------------------------------------------------+---------+
; /home/ubuntu/Desktop/COMS-E6998-Comparing-MyHDL-and-PyMTL/sim/src/sha1_0x1ea2ebb7611040fb.v ; yes             ; User Verilog HDL File  ; /home/ubuntu/Desktop/COMS-E6998-Comparing-MyHDL-and-PyMTL/sim/src/sha1_0x1ea2ebb7611040fb.v ;         ;
+---------------------------------------------------------------------------------------------+-----------------+------------------------+---------------------------------------------------------------------------------------------+---------+


+---------------------------------------------------------+
; Analysis & Synthesis Resource Usage Summary             ;
+---------------------------------------------+-----------+
; Resource                                    ; Usage     ;
+---------------------------------------------+-----------+
; Estimate of Logic utilization (ALMs needed) ; 1026      ;
;                                             ;           ;
; Combinational ALUT usage for logic          ; 958       ;
;     -- 7 input functions                    ; 1         ;
;     -- 6 input functions                    ; 384       ;
;     -- 5 input functions                    ; 257       ;
;     -- 4 input functions                    ; 44        ;
;     -- <=3 input functions                  ; 272       ;
;                                             ;           ;
; Dedicated logic registers                   ; 1527      ;
;                                             ;           ;
; I/O pins                                    ; 78        ;
;                                             ;           ;
; Total DSP Blocks                            ; 0         ;
;                                             ;           ;
; Maximum fan-out node                        ; clk~input ;
; Maximum fan-out                             ; 1527      ;
; Total fan-out                               ; 11998     ;
; Average fan-out                             ; 4.54      ;
+---------------------------------------------+-----------+


+---------------------------------------------------------------------------------------------------------------------------------------------------------------------------------------------------------------------------------------------------------------------------------------------+
; Analysis & Synthesis Resource Utilization by Entity                                                                                                                                                                                                                                         ;
+--------------------------------------------------+---------------------+---------------------------+-------------------+------------+------+--------------+----------------------------------------------------------------------------------+-------------------------------+--------------+
; Compilation Hierarchy Node                       ; Combinational ALUTs ; Dedicated Logic Registers ; Block Memory Bits ; DSP Blocks ; Pins ; Virtual Pins ; Full Hierarchy Name                                                              ; Entity Name                   ; Library Name ;
+--------------------------------------------------+---------------------+---------------------------+-------------------+------------+------+--------------+----------------------------------------------------------------------------------+-------------------------------+--------------+
; |sha1                                            ; 958 (267)           ; 1527 (676)                ; 0                 ; 0          ; 78   ; 0            ; |sha1                                                                            ; sha1                          ; work         ;
;    |sha1_core_0x187abc469c6b3e24:core|           ; 691 (451)           ; 851 (331)                 ; 0                 ; 0          ; 0    ; 0            ; |sha1|sha1_core_0x187abc469c6b3e24:core                                          ; sha1_core_0x187abc469c6b3e24  ; work         ;
;       |sha1_w_mem_0x7b9c5c7418aeb58d:w_mem_inst| ; 240 (240)           ; 520 (520)                 ; 0                 ; 0          ; 0    ; 0            ; |sha1|sha1_core_0x187abc469c6b3e24:core|sha1_w_mem_0x7b9c5c7418aeb58d:w_mem_inst ; sha1_w_mem_0x7b9c5c7418aeb58d ; work         ;
+--------------------------------------------------+---------------------+---------------------------+-------------------+------------+------+--------------+----------------------------------------------------------------------------------+-------------------------------+--------------+
Note: For table entries with two numbers listed, the numbers in parentheses indicate the number of resources of the given type used by the specific entity alone. The numbers listed outside of parentheses indicate the total resources of the given type used by the specific entity and all of its sub-entities in the hierarchy.


Encoding Type:  One-Hot
+-----------------------------------------------------------------------------------------------------------+
; State Machine - |sha1|sha1_core_0x187abc469c6b3e24:core|sha1_ctrl_reg                                     ;
+---------------------------+-------------------------+-------------------------+---------------------------+
; Name                      ; sha1_ctrl_reg.CTRL_IDLE ; sha1_ctrl_reg.CTRL_DONE ; sha1_ctrl_reg.CTRL_ROUNDS ;
+---------------------------+-------------------------+-------------------------+---------------------------+
; sha1_ctrl_reg.CTRL_IDLE   ; 0                       ; 0                       ; 0                         ;
; sha1_ctrl_reg.CTRL_ROUNDS ; 1                       ; 0                       ; 1                         ;
; sha1_ctrl_reg.CTRL_DONE   ; 1                       ; 1                       ; 0                         ;
+---------------------------+-------------------------+-------------------------+---------------------------+


Encoding Type:  One-Hot
+----------------------------------------------------------------------------------------------------------------------+
; State Machine - |sha1|sha1_core_0x187abc469c6b3e24:core|sha1_w_mem_0x7b9c5c7418aeb58d:w_mem_inst|sha1_w_mem_ctrl_reg ;
+---------------------------------+------------------------------------------------------------------------------------+
; Name                            ; sha1_w_mem_ctrl_reg.CTRL_UPDATE                                                    ;
+---------------------------------+------------------------------------------------------------------------------------+
; sha1_w_mem_ctrl_reg.CTRL_IDLE   ; 0                                                                                  ;
; sha1_w_mem_ctrl_reg.CTRL_UPDATE ; 1                                                                                  ;
+---------------------------------+------------------------------------------------------------------------------------+


+------------------------------------------------------+
; General Register Statistics                          ;
+----------------------------------------------+-------+
; Statistic                                    ; Value ;
+----------------------------------------------+-------+
; Total registers                              ; 1527  ;
; Number of registers using Synchronous Clear  ; 1521  ;
; Number of registers using Synchronous Load   ; 592   ;
; Number of registers using Asynchronous Clear ; 0     ;
; Number of registers using Asynchronous Load  ; 0     ;
; Number of registers using Clock Enable       ; 1520  ;
; Number of registers using Preset             ; 0     ;
+----------------------------------------------+-------+


+-------------------------------------------------------------------------------------------------------------------------------------------------------------------------------------------------------------+
; Multiplexer Restructuring Statistics (Restructuring Performed)                                                                                                                                              ;
+--------------------+-----------+---------------+----------------------+------------------------+------------+-----------------------------------------------------------------------------------------------+
; Multiplexer Inputs ; Bus Width ; Baseline Area ; Area if Restructured ; Saving if Restructured ; Registered ; Example Multiplexer Output                                                                    ;
+--------------------+-----------+---------------+----------------------+------------------------+------------+-----------------------------------------------------------------------------------------------+
; 3:1                ; 32 bits   ; 64 LEs        ; 0 LEs                ; 64 LEs                 ; Yes        ; |sha1|block_reg[0][8]                                                                         ;
; 3:1                ; 32 bits   ; 64 LEs        ; 0 LEs                ; 64 LEs                 ; Yes        ; |sha1|block_reg[1][23]                                                                        ;
; 3:1                ; 32 bits   ; 64 LEs        ; 0 LEs                ; 64 LEs                 ; Yes        ; |sha1|block_reg[2][12]                                                                        ;
; 3:1                ; 32 bits   ; 64 LEs        ; 0 LEs                ; 64 LEs                 ; Yes        ; |sha1|block_reg[3][4]                                                                         ;
; 3:1                ; 32 bits   ; 64 LEs        ; 0 LEs                ; 64 LEs                 ; Yes        ; |sha1|block_reg[4][21]                                                                        ;
; 3:1                ; 32 bits   ; 64 LEs        ; 0 LEs                ; 64 LEs                 ; Yes        ; |sha1|block_reg[5][28]                                                                        ;
; 3:1                ; 32 bits   ; 64 LEs        ; 0 LEs                ; 64 LEs                 ; Yes        ; |sha1|block_reg[6][9]                                                                         ;
; 3:1                ; 32 bits   ; 64 LEs        ; 0 LEs                ; 64 LEs                 ; Yes        ; |sha1|block_reg[7][15]                                                                        ;
; 3:1                ; 32 bits   ; 64 LEs        ; 0 LEs                ; 64 LEs                 ; Yes        ; |sha1|block_reg[8][8]                                                                         ;
; 3:1                ; 32 bits   ; 64 LEs        ; 0 LEs                ; 64 LEs                 ; Yes        ; |sha1|block_reg[9][6]                                                                         ;
; 3:1                ; 32 bits   ; 64 LEs        ; 0 LEs                ; 64 LEs                 ; Yes        ; |sha1|block_reg[10][15]                                                                       ;
; 3:1                ; 32 bits   ; 64 LEs        ; 0 LEs                ; 64 LEs                 ; Yes        ; |sha1|block_reg[11][31]                                                                       ;
; 3:1                ; 32 bits   ; 64 LEs        ; 0 LEs                ; 64 LEs                 ; Yes        ; |sha1|block_reg[12][5]                                                                        ;
; 3:1                ; 32 bits   ; 64 LEs        ; 0 LEs                ; 64 LEs                 ; Yes        ; |sha1|block_reg[13][21]                                                                       ;
; 3:1                ; 32 bits   ; 64 LEs        ; 0 LEs                ; 64 LEs                 ; Yes        ; |sha1|block_reg[14][14]                                                                       ;
; 3:1                ; 32 bits   ; 64 LEs        ; 0 LEs                ; 64 LEs                 ; Yes        ; |sha1|block_reg[15][10]                                                                       ;
; 3:1                ; 160 bits  ; 320 LEs       ; 0 LEs                ; 320 LEs                ; Yes        ; |sha1|digest_reg[36]                                                                          ;
; 4:1                ; 7 bits    ; 14 LEs        ; 14 LEs               ; 0 LEs                  ; Yes        ; |sha1|sha1_core_0x187abc469c6b3e24:core|round_ctr_reg[5]                                      ;
; 4:1                ; 80 bits   ; 160 LEs       ; 0 LEs                ; 160 LEs                ; Yes        ; |sha1|sha1_core_0x187abc469c6b3e24:core|H3_reg[24]                                            ;
; 4:1                ; 80 bits   ; 160 LEs       ; 0 LEs                ; 160 LEs                ; Yes        ; |sha1|sha1_core_0x187abc469c6b3e24:core|H0_reg[16]                                            ;
; 5:1                ; 2 bits    ; 6 LEs         ; 6 LEs                ; 0 LEs                  ; Yes        ; |sha1|init_reg[0]                                                                             ;
; 5:1                ; 512 bits  ; 1536 LEs      ; 0 LEs                ; 1536 LEs               ; Yes        ; |sha1|sha1_core_0x187abc469c6b3e24:core|sha1_w_mem_0x7b9c5c7418aeb58d:w_mem_inst|w_mem[7][11] ;
; 6:1                ; 160 bits  ; 640 LEs       ; 320 LEs              ; 320 LEs                ; Yes        ; |sha1|sha1_core_0x187abc469c6b3e24:core|a_reg[3]                                              ;
; 5:1                ; 32 bits   ; 96 LEs        ; 64 LEs               ; 32 LEs                 ; No         ; |sha1|sha1_core_0x187abc469c6b3e24:core|f__3                                                  ;
; 17:1               ; 32 bits   ; 352 LEs       ; 352 LEs              ; 0 LEs                  ; No         ; |sha1|sha1_core_0x187abc469c6b3e24:core|sha1_w_mem_0x7b9c5c7418aeb58d:w_mem_inst|w[30]        ;
; 32:1               ; 30 bits   ; 630 LEs       ; 600 LEs              ; 30 LEs                 ; No         ; |sha1|tmp_read_data                                                                           ;
; 32:1               ; 2 bits    ; 42 LEs        ; 40 LEs               ; 2 LEs                  ; No         ; |sha1|tmp_read_data                                                                           ;
+--------------------+-----------+---------------+----------------------+------------------------+------------+-----------------------------------------------------------------------------------------------+


+-----------------------------------------------------+
; Post-Synthesis Netlist Statistics for Top Partition ;
+-----------------------+-----------------------------+
; Type                  ; Count                       ;
+-----------------------+-----------------------------+
; arriav_ff             ; 1527                        ;
;     ENA               ; 1                           ;
;     ENA SCLR          ; 927                         ;
;     ENA SCLR SLD      ; 592                         ;
;     SCLR              ; 2                           ;
;     plain             ; 5                           ;
; arriav_lcell_comb     ; 958                         ;
;     arith             ; 174                         ;
;         1 data inputs ; 14                          ;
;         2 data inputs ; 160                         ;
;     extend            ; 1                           ;
;         7 data inputs ; 1                           ;
;     normal            ; 719                         ;
;         2 data inputs ; 17                          ;
;         3 data inputs ; 18                          ;
;         4 data inputs ; 43                          ;
;         5 data inputs ; 257                         ;
;         6 data inputs ; 384                         ;
;     shared            ; 64                          ;
;         2 data inputs ; 4                           ;
;         3 data inputs ; 59                          ;
;         4 data inputs ; 1                           ;
; boundary_port         ; 78                          ;
;                       ;                             ;
; Max LUT depth         ; 9.10                        ;
; Average LUT depth     ; 4.52                        ;
+-----------------------+-----------------------------+


+-------------------------------+
; Elapsed Time Per Partition    ;
+----------------+--------------+
; Partition Name ; Elapsed Time ;
+----------------+--------------+
; Top            ; 00:00:02     ;
+----------------+--------------+


+-------------------------------+
; Analysis & Synthesis Messages ;
+-------------------------------+
Info: *******************************************************************
Info: Running Quartus Prime Analysis & Synthesis
    Info: Version 17.1.0 Build 590 10/25/2017 SJ Lite Edition
    Info: Copyright (C) 2017  Intel Corporation. All rights reserved.
    Info: Your use of Intel Corporation's design tools, logic functions 
    Info: and other software and tools, and its AMPP partner logic 
    Info: functions, and any output files from any of the foregoing 
    Info: (including device programming or simulation files), and any 
    Info: associated documentation or information are expressly subject 
    Info: to the terms and conditions of the Intel Program License 
    Info: Subscription Agreement, the Intel Quartus Prime License Agreement,
    Info: the Intel FPGA IP License Agreement, or other applicable license
    Info: agreement, including, without limitation, that your use is for
    Info: the sole purpose of programming logic devices manufactured by
    Info: Intel and sold by Intel or its authorized distributors.  Please
    Info: refer to the applicable agreement for further details.
    Info: Processing started: Tue May  1 16:35:18 2018
Info: Command: quartus_map sha1 --source=/home/ubuntu/Desktop/COMS-E6998-Comparing-MyHDL-and-PyMTL/sim/src/py_tb_sha1.v --source=/home/ubuntu/Desktop/COMS-E6998-Comparing-MyHDL-and-PyMTL/sim/src/sha1_0x1ea2ebb7611040fb.v
Info (20034): Auto device selection is not supported for Cyclone V device family. The default device, 5CGXFC7C7F23C8, is set.
Info (20032): Parallel compilation is enabled and will use up to 2 processors
Info (12021): Found 1 design units, including 1 entities, in source file /home/ubuntu/Desktop/COMS-E6998-Comparing-MyHDL-and-PyMTL/sim/src/py_tb_sha1.v
    Info (12023): Found entity 1: tb_sha1 File: /home/ubuntu/Desktop/COMS-E6998-Comparing-MyHDL-and-PyMTL/sim/src/py_tb_sha1.v Line: 38
Info (12021): Found 3 design units, including 3 entities, in source file /home/ubuntu/Desktop/COMS-E6998-Comparing-MyHDL-and-PyMTL/sim/src/sha1_0x1ea2ebb7611040fb.v
    Info (12023): Found entity 1: sha1 File: /home/ubuntu/Desktop/COMS-E6998-Comparing-MyHDL-and-PyMTL/sim/src/sha1_0x1ea2ebb7611040fb.v Line: 7
    Info (12023): Found entity 2: sha1_core_0x187abc469c6b3e24 File: /home/ubuntu/Desktop/COMS-E6998-Comparing-MyHDL-and-PyMTL/sim/src/sha1_0x1ea2ebb7611040fb.v Line: 329
    Info (12023): Found entity 3: sha1_w_mem_0x7b9c5c7418aeb58d File: /home/ubuntu/Desktop/COMS-E6998-Comparing-MyHDL-and-PyMTL/sim/src/sha1_0x1ea2ebb7611040fb.v Line: 911
Warning (10236): Verilog HDL Implicit Net warning at py_tb_sha1.v(118): created implicit net for "tb_error" File: /home/ubuntu/Desktop/COMS-E6998-Comparing-MyHDL-and-PyMTL/sim/src/py_tb_sha1.v Line: 118
Info (12127): Elaborating entity "sha1" for the top level hierarchy
Warning (10036): Verilog HDL or VHDL warning at sha1_0x1ea2ebb7611040fb.v(24): object "block_reg$000" assigned a value but never read File: /home/ubuntu/Desktop/COMS-E6998-Comparing-MyHDL-and-PyMTL/sim/src/sha1_0x1ea2ebb7611040fb.v Line: 24
Warning (10036): Verilog HDL or VHDL warning at sha1_0x1ea2ebb7611040fb.v(25): object "block_reg$001" assigned a value but never read File: /home/ubuntu/Desktop/COMS-E6998-Comparing-MyHDL-and-PyMTL/sim/src/sha1_0x1ea2ebb7611040fb.v Line: 25
Warning (10036): Verilog HDL or VHDL warning at sha1_0x1ea2ebb7611040fb.v(26): object "block_reg$002" assigned a value but never read File: /home/ubuntu/Desktop/COMS-E6998-Comparing-MyHDL-and-PyMTL/sim/src/sha1_0x1ea2ebb7611040fb.v Line: 26
Warning (10036): Verilog HDL or VHDL warning at sha1_0x1ea2ebb7611040fb.v(27): object "block_reg$003" assigned a value but never read File: /home/ubuntu/Desktop/COMS-E6998-Comparing-MyHDL-and-PyMTL/sim/src/sha1_0x1ea2ebb7611040fb.v Line: 27
Warning (10036): Verilog HDL or VHDL warning at sha1_0x1ea2ebb7611040fb.v(28): object "block_reg$004" assigned a value but never read File: /home/ubuntu/Desktop/COMS-E6998-Comparing-MyHDL-and-PyMTL/sim/src/sha1_0x1ea2ebb7611040fb.v Line: 28
Warning (10036): Verilog HDL or VHDL warning at sha1_0x1ea2ebb7611040fb.v(29): object "block_reg$005" assigned a value but never read File: /home/ubuntu/Desktop/COMS-E6998-Comparing-MyHDL-and-PyMTL/sim/src/sha1_0x1ea2ebb7611040fb.v Line: 29
Warning (10036): Verilog HDL or VHDL warning at sha1_0x1ea2ebb7611040fb.v(30): object "block_reg$006" assigned a value but never read File: /home/ubuntu/Desktop/COMS-E6998-Comparing-MyHDL-and-PyMTL/sim/src/sha1_0x1ea2ebb7611040fb.v Line: 30
Warning (10036): Verilog HDL or VHDL warning at sha1_0x1ea2ebb7611040fb.v(31): object "block_reg$007" assigned a value but never read File: /home/ubuntu/Desktop/COMS-E6998-Comparing-MyHDL-and-PyMTL/sim/src/sha1_0x1ea2ebb7611040fb.v Line: 31
Warning (10036): Verilog HDL or VHDL warning at sha1_0x1ea2ebb7611040fb.v(32): object "block_reg$008" assigned a value but never read File: /home/ubuntu/Desktop/COMS-E6998-Comparing-MyHDL-and-PyMTL/sim/src/sha1_0x1ea2ebb7611040fb.v Line: 32
Warning (10036): Verilog HDL or VHDL warning at sha1_0x1ea2ebb7611040fb.v(33): object "block_reg$009" assigned a value but never read File: /home/ubuntu/Desktop/COMS-E6998-Comparing-MyHDL-and-PyMTL/sim/src/sha1_0x1ea2ebb7611040fb.v Line: 33
Warning (10036): Verilog HDL or VHDL warning at sha1_0x1ea2ebb7611040fb.v(34): object "block_reg$010" assigned a value but never read File: /home/ubuntu/Desktop/COMS-E6998-Comparing-MyHDL-and-PyMTL/sim/src/sha1_0x1ea2ebb7611040fb.v Line: 34
Warning (10036): Verilog HDL or VHDL warning at sha1_0x1ea2ebb7611040fb.v(35): object "block_reg$011" assigned a value but never read File: /home/ubuntu/Desktop/COMS-E6998-Comparing-MyHDL-and-PyMTL/sim/src/sha1_0x1ea2ebb7611040fb.v Line: 35
Warning (10036): Verilog HDL or VHDL warning at sha1_0x1ea2ebb7611040fb.v(36): object "block_reg$012" assigned a value but never read File: /home/ubuntu/Desktop/COMS-E6998-Comparing-MyHDL-and-PyMTL/sim/src/sha1_0x1ea2ebb7611040fb.v Line: 36
Warning (10036): Verilog HDL or VHDL warning at sha1_0x1ea2ebb7611040fb.v(37): object "block_reg$013" assigned a value but never read File: /home/ubuntu/Desktop/COMS-E6998-Comparing-MyHDL-and-PyMTL/sim/src/sha1_0x1ea2ebb7611040fb.v Line: 37
Warning (10036): Verilog HDL or VHDL warning at sha1_0x1ea2ebb7611040fb.v(38): object "block_reg$014" assigned a value but never read File: /home/ubuntu/Desktop/COMS-E6998-Comparing-MyHDL-and-PyMTL/sim/src/sha1_0x1ea2ebb7611040fb.v Line: 38
Warning (10036): Verilog HDL or VHDL warning at sha1_0x1ea2ebb7611040fb.v(39): object "block_reg$015" assigned a value but never read File: /home/ubuntu/Desktop/COMS-E6998-Comparing-MyHDL-and-PyMTL/sim/src/sha1_0x1ea2ebb7611040fb.v Line: 39
Warning (10230): Verilog HDL assignment warning at sha1_0x1ea2ebb7611040fb.v(282): truncated value with size 32 to match size of target (16) File: /home/ubuntu/Desktop/COMS-E6998-Comparing-MyHDL-and-PyMTL/sim/src/sha1_0x1ea2ebb7611040fb.v Line: 282
Info (12128): Elaborating entity "sha1_core_0x187abc469c6b3e24" for hierarchy "sha1_core_0x187abc469c6b3e24:core" File: /home/ubuntu/Desktop/COMS-E6998-Comparing-MyHDL-and-PyMTL/sim/src/sha1_0x1ea2ebb7611040fb.v Line: 97
Warning (10230): Verilog HDL assignment warning at sha1_0x1ea2ebb7611040fb.v(766): truncated value with size 32 to match size of target (7) File: /home/ubuntu/Desktop/COMS-E6998-Comparing-MyHDL-and-PyMTL/sim/src/sha1_0x1ea2ebb7611040fb.v Line: 766
Info (12128): Elaborating entity "sha1_w_mem_0x7b9c5c7418aeb58d" for hierarchy "sha1_core_0x187abc469c6b3e24:core|sha1_w_mem_0x7b9c5c7418aeb58d:w_mem_inst" File: /home/ubuntu/Desktop/COMS-E6998-Comparing-MyHDL-and-PyMTL/sim/src/sha1_0x1ea2ebb7611040fb.v Line: 422
Warning (10036): Verilog HDL or VHDL warning at sha1_0x1ea2ebb7611040fb.v(923): object "w_mem$000" assigned a value but never read File: /home/ubuntu/Desktop/COMS-E6998-Comparing-MyHDL-and-PyMTL/sim/src/sha1_0x1ea2ebb7611040fb.v Line: 923
Warning (10036): Verilog HDL or VHDL warning at sha1_0x1ea2ebb7611040fb.v(924): object "w_mem$001" assigned a value but never read File: /home/ubuntu/Desktop/COMS-E6998-Comparing-MyHDL-and-PyMTL/sim/src/sha1_0x1ea2ebb7611040fb.v Line: 924
Warning (10036): Verilog HDL or VHDL warning at sha1_0x1ea2ebb7611040fb.v(925): object "w_mem$002" assigned a value but never read File: /home/ubuntu/Desktop/COMS-E6998-Comparing-MyHDL-and-PyMTL/sim/src/sha1_0x1ea2ebb7611040fb.v Line: 925
Warning (10036): Verilog HDL or VHDL warning at sha1_0x1ea2ebb7611040fb.v(926): object "w_mem$003" assigned a value but never read File: /home/ubuntu/Desktop/COMS-E6998-Comparing-MyHDL-and-PyMTL/sim/src/sha1_0x1ea2ebb7611040fb.v Line: 926
Warning (10036): Verilog HDL or VHDL warning at sha1_0x1ea2ebb7611040fb.v(927): object "w_mem$004" assigned a value but never read File: /home/ubuntu/Desktop/COMS-E6998-Comparing-MyHDL-and-PyMTL/sim/src/sha1_0x1ea2ebb7611040fb.v Line: 927
Warning (10036): Verilog HDL or VHDL warning at sha1_0x1ea2ebb7611040fb.v(928): object "w_mem$005" assigned a value but never read File: /home/ubuntu/Desktop/COMS-E6998-Comparing-MyHDL-and-PyMTL/sim/src/sha1_0x1ea2ebb7611040fb.v Line: 928
Warning (10036): Verilog HDL or VHDL warning at sha1_0x1ea2ebb7611040fb.v(929): object "w_mem$006" assigned a value but never read File: /home/ubuntu/Desktop/COMS-E6998-Comparing-MyHDL-and-PyMTL/sim/src/sha1_0x1ea2ebb7611040fb.v Line: 929
Warning (10036): Verilog HDL or VHDL warning at sha1_0x1ea2ebb7611040fb.v(930): object "w_mem$007" assigned a value but never read File: /home/ubuntu/Desktop/COMS-E6998-Comparing-MyHDL-and-PyMTL/sim/src/sha1_0x1ea2ebb7611040fb.v Line: 930
Warning (10036): Verilog HDL or VHDL warning at sha1_0x1ea2ebb7611040fb.v(931): object "w_mem$008" assigned a value but never read File: /home/ubuntu/Desktop/COMS-E6998-Comparing-MyHDL-and-PyMTL/sim/src/sha1_0x1ea2ebb7611040fb.v Line: 931
Warning (10036): Verilog HDL or VHDL warning at sha1_0x1ea2ebb7611040fb.v(932): object "w_mem$009" assigned a value but never read File: /home/ubuntu/Desktop/COMS-E6998-Comparing-MyHDL-and-PyMTL/sim/src/sha1_0x1ea2ebb7611040fb.v Line: 932
Warning (10036): Verilog HDL or VHDL warning at sha1_0x1ea2ebb7611040fb.v(933): object "w_mem$010" assigned a value but never read File: /home/ubuntu/Desktop/COMS-E6998-Comparing-MyHDL-and-PyMTL/sim/src/sha1_0x1ea2ebb7611040fb.v Line: 933
Warning (10036): Verilog HDL or VHDL warning at sha1_0x1ea2ebb7611040fb.v(934): object "w_mem$011" assigned a value but never read File: /home/ubuntu/Desktop/COMS-E6998-Comparing-MyHDL-and-PyMTL/sim/src/sha1_0x1ea2ebb7611040fb.v Line: 934
Warning (10036): Verilog HDL or VHDL warning at sha1_0x1ea2ebb7611040fb.v(935): object "w_mem$012" assigned a value but never read File: /home/ubuntu/Desktop/COMS-E6998-Comparing-MyHDL-and-PyMTL/sim/src/sha1_0x1ea2ebb7611040fb.v Line: 935
Warning (10036): Verilog HDL or VHDL warning at sha1_0x1ea2ebb7611040fb.v(936): object "w_mem$013" assigned a value but never read File: /home/ubuntu/Desktop/COMS-E6998-Comparing-MyHDL-and-PyMTL/sim/src/sha1_0x1ea2ebb7611040fb.v Line: 936
Warning (10036): Verilog HDL or VHDL warning at sha1_0x1ea2ebb7611040fb.v(937): object "w_mem$014" assigned a value but never read File: /home/ubuntu/Desktop/COMS-E6998-Comparing-MyHDL-and-PyMTL/sim/src/sha1_0x1ea2ebb7611040fb.v Line: 937
Warning (10036): Verilog HDL or VHDL warning at sha1_0x1ea2ebb7611040fb.v(938): object "w_mem$015" assigned a value but never read File: /home/ubuntu/Desktop/COMS-E6998-Comparing-MyHDL-and-PyMTL/sim/src/sha1_0x1ea2ebb7611040fb.v Line: 938
Warning (10230): Verilog HDL assignment warning at sha1_0x1ea2ebb7611040fb.v(1288): truncated value with size 32 to match size of target (7) File: /home/ubuntu/Desktop/COMS-E6998-Comparing-MyHDL-and-PyMTL/sim/src/sha1_0x1ea2ebb7611040fb.v Line: 1288
Info (286030): Timing-Driven Synthesis is running
Info (16010): Generating hard_block partition "hard_block:auto_generated_inst"
    Info (16011): Adding 0 node(s), including 0 DDIO, 0 PLL, 0 transceiver and 0 LCELL
Warning (21074): Design contains 1 input pin(s) that do not drive logic
    Warning (15610): No output dependent on input pin "reset[0]" File: /home/ubuntu/Desktop/COMS-E6998-Comparing-MyHDL-and-PyMTL/sim/src/sha1_0x1ea2ebb7611040fb.v Line: 14
Info (21057): Implemented 2220 device resources after synthesis - the final resource count might be different
    Info (21058): Implemented 45 input pins
    Info (21059): Implemented 33 output pins
    Info (21061): Implemented 2142 logic cells
Info: Quartus Prime Analysis & Synthesis was successful. 0 errors, 38 warnings
    Info: Peak virtual memory: 1026 megabytes
    Info: Processing ended: Tue May  1 16:35:31 2018
    Info: Elapsed time: 00:00:13
    Info: Total CPU time (on all processors): 00:00:26


