Analysis & Synthesis report for sha1
Thu Apr 19 16:06:19 2018
Quartus Prime Version 17.1.0 Build 590 10/25/2017 SJ Lite Edition


---------------------
; Table of Contents ;
---------------------
  1. Legal Notice
  2. Analysis & Synthesis Summary
  3. Analysis & Synthesis Settings
  4. Parallel Compilation
  5. Analysis & Synthesis Source Files Read
  6. Analysis & Synthesis Resource Usage Summary
  7. Analysis & Synthesis Resource Utilization by Entity
  8. State Machine - |sha1|core_sha1_ctrl_reg
  9. General Register Statistics
 10. Multiplexer Restructuring Statistics (Restructuring Performed)
 11. Post-Synthesis Netlist Statistics for Top Partition
 12. Elapsed Time Per Partition
 13. Analysis & Synthesis Messages



----------------
; Legal Notice ;
----------------
Copyright (C) 2017  Intel Corporation. All rights reserved.
Your use of Intel Corporation's design tools, logic functions 
and other software and tools, and its AMPP partner logic 
functions, and any output files from any of the foregoing 
(including device programming or simulation files), and any 
associated documentation or information are expressly subject 
to the terms and conditions of the Intel Program License 
Subscription Agreement, the Intel Quartus Prime License Agreement,
the Intel FPGA IP License Agreement, or other applicable license
agreement, including, without limitation, that your use is for
the sole purpose of programming logic devices manufactured by
Intel and sold by Intel or its authorized distributors.  Please
refer to the applicable agreement for further details.



+-------------------------------------------------------------------------------+
; Analysis & Synthesis Summary                                                  ;
+---------------------------------+---------------------------------------------+
; Analysis & Synthesis Status     ; Successful - Thu Apr 19 16:06:19 2018       ;
; Quartus Prime Version           ; 17.1.0 Build 590 10/25/2017 SJ Lite Edition ;
; Revision Name                   ; sha1                                        ;
; Top-level Entity Name           ; sha1                                        ;
; Family                          ; Cyclone V                                   ;
; Logic utilization (in ALMs)     ; N/A                                         ;
; Total registers                 ; 1527                                        ;
; Total pins                      ; 77                                          ;
; Total virtual pins              ; 0                                           ;
; Total block memory bits         ; 0                                           ;
; Total DSP Blocks                ; 0                                           ;
; Total HSSI RX PCSs              ; 0                                           ;
; Total HSSI PMA RX Deserializers ; 0                                           ;
; Total HSSI TX PCSs              ; 0                                           ;
; Total HSSI PMA TX Serializers   ; 0                                           ;
; Total PLLs                      ; 0                                           ;
; Total DLLs                      ; 0                                           ;
+---------------------------------+---------------------------------------------+


+---------------------------------------------------------------------------------------------------------------------------+
; Analysis & Synthesis Settings                                                                                             ;
+---------------------------------------------------------------------------------+--------------------+--------------------+
; Option                                                                          ; Setting            ; Default Value      ;
+---------------------------------------------------------------------------------+--------------------+--------------------+
; Device                                                                          ; 5CGXFC7C7F23C8     ;                    ;
; Top-level entity name                                                           ; sha1               ; sha1               ;
; Family name                                                                     ; Cyclone V          ; Cyclone V          ;
; Maximum processors allowed for parallel compilation                             ; 2                  ;                    ;
; Use smart compilation                                                           ; Off                ; Off                ;
; Enable parallel Assembler and TimeQuest Timing Analyzer during compilation      ; On                 ; On                 ;
; Enable compact report table                                                     ; Off                ; Off                ;
; Restructure Multiplexers                                                        ; Auto               ; Auto               ;
; MLAB Add Timing Constraints For Mixed-Port Feed-Through Mode Setting Don't Care ; Off                ; Off                ;
; Create Debugging Nodes for IP Cores                                             ; Off                ; Off                ;
; Preserve fewer node names                                                       ; On                 ; On                 ;
; Intel FPGA IP Evaluation Mode                                                   ; Enable             ; Enable             ;
; Verilog Version                                                                 ; Verilog_2001       ; Verilog_2001       ;
; VHDL Version                                                                    ; VHDL_1993          ; VHDL_1993          ;
; State Machine Processing                                                        ; Auto               ; Auto               ;
; Safe State Machine                                                              ; Off                ; Off                ;
; Extract Verilog State Machines                                                  ; On                 ; On                 ;
; Extract VHDL State Machines                                                     ; On                 ; On                 ;
; Ignore Verilog initial constructs                                               ; Off                ; Off                ;
; Iteration limit for constant Verilog loops                                      ; 5000               ; 5000               ;
; Iteration limit for non-constant Verilog loops                                  ; 250                ; 250                ;
; Add Pass-Through Logic to Inferred RAMs                                         ; On                 ; On                 ;
; Infer RAMs from Raw Logic                                                       ; On                 ; On                 ;
; Parallel Synthesis                                                              ; On                 ; On                 ;
; DSP Block Balancing                                                             ; Auto               ; Auto               ;
; NOT Gate Push-Back                                                              ; On                 ; On                 ;
; Power-Up Don't Care                                                             ; On                 ; On                 ;
; Remove Redundant Logic Cells                                                    ; Off                ; Off                ;
; Remove Duplicate Registers                                                      ; On                 ; On                 ;
; Ignore CARRY Buffers                                                            ; Off                ; Off                ;
; Ignore CASCADE Buffers                                                          ; Off                ; Off                ;
; Ignore GLOBAL Buffers                                                           ; Off                ; Off                ;
; Ignore ROW GLOBAL Buffers                                                       ; Off                ; Off                ;
; Ignore LCELL Buffers                                                            ; Off                ; Off                ;
; Ignore SOFT Buffers                                                             ; On                 ; On                 ;
; Limit AHDL Integers to 32 Bits                                                  ; Off                ; Off                ;
; Optimization Technique                                                          ; Balanced           ; Balanced           ;
; Carry Chain Length                                                              ; 70                 ; 70                 ;
; Auto Carry Chains                                                               ; On                 ; On                 ;
; Auto Open-Drain Pins                                                            ; On                 ; On                 ;
; Perform WYSIWYG Primitive Resynthesis                                           ; Off                ; Off                ;
; Auto ROM Replacement                                                            ; On                 ; On                 ;
; Auto RAM Replacement                                                            ; On                 ; On                 ;
; Auto DSP Block Replacement                                                      ; On                 ; On                 ;
; Auto Shift Register Replacement                                                 ; Auto               ; Auto               ;
; Allow Shift Register Merging across Hierarchies                                 ; Auto               ; Auto               ;
; Auto Clock Enable Replacement                                                   ; On                 ; On                 ;
; Strict RAM Replacement                                                          ; Off                ; Off                ;
; Allow Synchronous Control Signals                                               ; On                 ; On                 ;
; Force Use of Synchronous Clear Signals                                          ; Off                ; Off                ;
; Auto Resource Sharing                                                           ; Off                ; Off                ;
; Allow Any RAM Size For Recognition                                              ; Off                ; Off                ;
; Allow Any ROM Size For Recognition                                              ; Off                ; Off                ;
; Allow Any Shift Register Size For Recognition                                   ; Off                ; Off                ;
; Use LogicLock Constraints during Resource Balancing                             ; On                 ; On                 ;
; Ignore translate_off and synthesis_off directives                               ; Off                ; Off                ;
; Timing-Driven Synthesis                                                         ; On                 ; On                 ;
; Report Parameter Settings                                                       ; On                 ; On                 ;
; Report Source Assignments                                                       ; On                 ; On                 ;
; Report Connectivity Checks                                                      ; On                 ; On                 ;
; Ignore Maximum Fan-Out Assignments                                              ; Off                ; Off                ;
; Synchronization Register Chain Length                                           ; 3                  ; 3                  ;
; Power Optimization During Synthesis                                             ; Normal compilation ; Normal compilation ;
; HDL message level                                                               ; Level2             ; Level2             ;
; Suppress Register Optimization Related Messages                                 ; Off                ; Off                ;
; Number of Removed Registers Reported in Synthesis Report                        ; 5000               ; 5000               ;
; Number of Swept Nodes Reported in Synthesis Report                              ; 5000               ; 5000               ;
; Number of Inverted Registers Reported in Synthesis Report                       ; 100                ; 100                ;
; Clock MUX Protection                                                            ; On                 ; On                 ;
; Auto Gated Clock Conversion                                                     ; Off                ; Off                ;
; Block Design Naming                                                             ; Auto               ; Auto               ;
; SDC constraint protection                                                       ; Off                ; Off                ;
; Synthesis Effort                                                                ; Auto               ; Auto               ;
; Shift Register Replacement - Allow Asynchronous Clear Signal                    ; On                 ; On                 ;
; Pre-Mapping Resynthesis Optimization                                            ; Off                ; Off                ;
; Analysis & Synthesis Message Level                                              ; Medium             ; Medium             ;
; Disable Register Merging Across Hierarchies                                     ; Auto               ; Auto               ;
; Resource Aware Inference For Block RAM                                          ; On                 ; On                 ;
; Automatic Parallel Synthesis                                                    ; On                 ; On                 ;
; Partial Reconfiguration Bitstream ID                                            ; Off                ; Off                ;
+---------------------------------------------------------------------------------+--------------------+--------------------+


+------------------------------------------+
; Parallel Compilation                     ;
+----------------------------+-------------+
; Processors                 ; Number      ;
+----------------------------+-------------+
; Number detected on machine ; 2           ;
; Maximum allowed            ; 2           ;
;                            ;             ;
; Average used               ; 1.00        ;
; Maximum used               ; 2           ;
;                            ;             ;
; Usage by Processor         ; % Time Used ;
;     Processor 1            ; 100.0%      ;
;     Processor 2            ;   0.0%      ;
+----------------------------+-------------+


+----------------------------------------------------------------------------------------------------------------------------------------------------------------------------------------------------------+
; Analysis & Synthesis Source Files Read                                                                                                                                                                   ;
+--------------------------------------------------------------------------+-----------------+------------------------+--------------------------------------------------------------------------+---------+
; File Name with User-Entered Path                                         ; Used in Netlist ; File Type              ; File Name with Absolute Path                                             ; Library ;
+--------------------------------------------------------------------------+-----------------+------------------------+--------------------------------------------------------------------------+---------+
; /home/ubuntu/Desktop/COMS-E6998-Comparing-MyHDL-and-PyMTL/sim/src/sha1.v ; yes             ; User Verilog HDL File  ; /home/ubuntu/Desktop/COMS-E6998-Comparing-MyHDL-and-PyMTL/sim/src/sha1.v ;         ;
+--------------------------------------------------------------------------+-----------------+------------------------+--------------------------------------------------------------------------+---------+


+---------------------------------------------------------+
; Analysis & Synthesis Resource Usage Summary             ;
+---------------------------------------------+-----------+
; Resource                                    ; Usage     ;
+---------------------------------------------+-----------+
; Estimate of Logic utilization (ALMs needed) ; 1026      ;
;                                             ;           ;
; Combinational ALUT usage for logic          ; 961       ;
;     -- 7 input functions                    ; 1         ;
;     -- 6 input functions                    ; 379       ;
;     -- 5 input functions                    ; 260       ;
;     -- 4 input functions                    ; 48        ;
;     -- <=3 input functions                  ; 273       ;
;                                             ;           ;
; Dedicated logic registers                   ; 1527      ;
;                                             ;           ;
; I/O pins                                    ; 77        ;
;                                             ;           ;
; Total DSP Blocks                            ; 0         ;
;                                             ;           ;
; Maximum fan-out node                        ; clk~input ;
; Maximum fan-out                             ; 1527      ;
; Total fan-out                               ; 12095     ;
; Average fan-out                             ; 4.58      ;
+---------------------------------------------+-----------+


+----------------------------------------------------------------------------------------------------------------------------------------------------------------------------------------+
; Analysis & Synthesis Resource Utilization by Entity                                                                                                                                    ;
+----------------------------+---------------------+---------------------------+-------------------+------------+------+--------------+---------------------+-------------+--------------+
; Compilation Hierarchy Node ; Combinational ALUTs ; Dedicated Logic Registers ; Block Memory Bits ; DSP Blocks ; Pins ; Virtual Pins ; Full Hierarchy Name ; Entity Name ; Library Name ;
+----------------------------+---------------------+---------------------------+-------------------+------------+------+--------------+---------------------+-------------+--------------+
; |sha1                      ; 961 (961)           ; 1527 (1527)               ; 0                 ; 0          ; 77   ; 0            ; |sha1               ; sha1        ; work         ;
+----------------------------+---------------------+---------------------------+-------------------+------------+------+--------------+---------------------+-------------+--------------+
Note: For table entries with two numbers listed, the numbers in parentheses indicate the number of resources of the given type used by the specific entity alone. The numbers listed outside of parentheses indicate the total resources of the given type used by the specific entity and all of its sub-entities in the hierarchy.


Encoding Type:  One-Hot
+-----------------------------------------------------------------------------------------------+
; State Machine - |sha1|core_sha1_ctrl_reg                                                      ;
+-----------------------+-----------------------+-----------------------+-----------------------+
; Name                  ; core_sha1_ctrl_reg.00 ; core_sha1_ctrl_reg.10 ; core_sha1_ctrl_reg.01 ;
+-----------------------+-----------------------+-----------------------+-----------------------+
; core_sha1_ctrl_reg.00 ; 0                     ; 0                     ; 0                     ;
; core_sha1_ctrl_reg.01 ; 1                     ; 0                     ; 1                     ;
; core_sha1_ctrl_reg.10 ; 1                     ; 1                     ; 0                     ;
+-----------------------+-----------------------+-----------------------+-----------------------+


+------------------------------------------------------+
; General Register Statistics                          ;
+----------------------------------------------+-------+
; Statistic                                    ; Value ;
+----------------------------------------------+-------+
; Total registers                              ; 1527  ;
; Number of registers using Synchronous Clear  ; 95    ;
; Number of registers using Synchronous Load   ; 592   ;
; Number of registers using Asynchronous Clear ; 1520  ;
; Number of registers using Asynchronous Load  ; 0     ;
; Number of registers using Clock Enable       ; 1518  ;
; Number of registers using Preset             ; 0     ;
+----------------------------------------------+-------+


+--------------------------------------------------------------------------------------------------------------------------------------------------+
; Multiplexer Restructuring Statistics (Restructuring Performed)                                                                                   ;
+--------------------+-----------+---------------+----------------------+------------------------+------------+------------------------------------+
; Multiplexer Inputs ; Bus Width ; Baseline Area ; Area if Restructured ; Saving if Restructured ; Registered ; Example Multiplexer Output         ;
+--------------------+-----------+---------------+----------------------+------------------------+------------+------------------------------------+
; 3:1                ; 512 bits  ; 1024 LEs      ; 0 LEs                ; 1024 LEs               ; Yes        ; |sha1|core_w_mem_inst_w_mem[11][9] ;
; 4:1                ; 2 bits    ; 4 LEs         ; 4 LEs                ; 0 LEs                  ; Yes        ; |sha1|init_reg                     ;
; 4:1                ; 160 bits  ; 320 LEs       ; 320 LEs              ; 0 LEs                  ; Yes        ; |sha1|core_a_reg[0]                ;
; 5:1                ; 32 bits   ; 96 LEs        ; 64 LEs               ; 32 LEs                 ; No         ; |sha1|f                            ;
; 17:1               ; 32 bits   ; 352 LEs       ; 352 LEs              ; 0 LEs                  ; No         ; |sha1|core_w_mem_inst_w_tmp[30]    ;
; 25:1               ; 12 bits   ; 192 LEs       ; 192 LEs              ; 0 LEs                  ; No         ; |sha1|tmp_read_data                ;
; 29:1               ; 18 bits   ; 342 LEs       ; 324 LEs              ; 18 LEs                 ; No         ; |sha1|tmp_read_data                ;
; 29:1               ; 2 bits    ; 38 LEs        ; 38 LEs               ; 0 LEs                  ; No         ; |sha1|tmp_read_data                ;
+--------------------+-----------+---------------+----------------------+------------------------+------------+------------------------------------+


+-----------------------------------------------------+
; Post-Synthesis Netlist Statistics for Top Partition ;
+-----------------------+-----------------------------+
; Type                  ; Count                       ;
+-----------------------+-----------------------------+
; arriav_ff             ; 1527                        ;
;     CLR               ; 8                           ;
;     CLR SCLR          ; 1                           ;
;     ENA CLR           ; 832                         ;
;     ENA CLR SCLR      ; 87                          ;
;     ENA CLR SLD       ; 592                         ;
;     ENA SCLR          ; 7                           ;
; arriav_lcell_comb     ; 961                         ;
;     arith             ; 174                         ;
;         1 data inputs ; 14                          ;
;         2 data inputs ; 160                         ;
;     extend            ; 1                           ;
;         7 data inputs ; 1                           ;
;     normal            ; 722                         ;
;         1 data inputs ; 1                           ;
;         2 data inputs ; 13                          ;
;         3 data inputs ; 22                          ;
;         4 data inputs ; 47                          ;
;         5 data inputs ; 260                         ;
;         6 data inputs ; 379                         ;
;     shared            ; 64                          ;
;         2 data inputs ; 4                           ;
;         3 data inputs ; 59                          ;
;         4 data inputs ; 1                           ;
; boundary_port         ; 77                          ;
;                       ;                             ;
; Max LUT depth         ; 9.10                        ;
; Average LUT depth     ; 4.54                        ;
+-----------------------+-----------------------------+


+-------------------------------+
; Elapsed Time Per Partition    ;
+----------------+--------------+
; Partition Name ; Elapsed Time ;
+----------------+--------------+
; Top            ; 00:00:02     ;
+----------------+--------------+


+-------------------------------+
; Analysis & Synthesis Messages ;
+-------------------------------+
Info: *******************************************************************
Info: Running Quartus Prime Analysis & Synthesis
    Info: Version 17.1.0 Build 590 10/25/2017 SJ Lite Edition
    Info: Copyright (C) 2017  Intel Corporation. All rights reserved.
    Info: Your use of Intel Corporation's design tools, logic functions 
    Info: and other software and tools, and its AMPP partner logic 
    Info: functions, and any output files from any of the foregoing 
    Info: (including device programming or simulation files), and any 
    Info: associated documentation or information are expressly subject 
    Info: to the terms and conditions of the Intel Program License 
    Info: Subscription Agreement, the Intel Quartus Prime License Agreement,
    Info: the Intel FPGA IP License Agreement, or other applicable license
    Info: agreement, including, without limitation, that your use is for
    Info: the sole purpose of programming logic devices manufactured by
    Info: Intel and sold by Intel or its authorized distributors.  Please
    Info: refer to the applicable agreement for further details.
    Info: Processing started: Thu Apr 19 16:06:05 2018
Info: Command: quartus_map sha1 --source=/home/ubuntu/Desktop/COMS-E6998-Comparing-MyHDL-and-PyMTL/sim/src/tb_sha1.v --source=/home/ubuntu/Desktop/COMS-E6998-Comparing-MyHDL-and-PyMTL/sim/src/sha1.v
Info (20034): Auto device selection is not supported for Cyclone V device family. The default device, 5CGXFC7C7F23C8, is set.
Info (20032): Parallel compilation is enabled and will use up to 2 processors
Info (12021): Found 1 design units, including 1 entities, in source file /home/ubuntu/Desktop/COMS-E6998-Comparing-MyHDL-and-PyMTL/sim/src/tb_sha1.v
    Info (12023): Found entity 1: tb_sha1 File: /home/ubuntu/Desktop/COMS-E6998-Comparing-MyHDL-and-PyMTL/sim/src/tb_sha1.v Line: 38
Info (12021): Found 1 design units, including 1 entities, in source file /home/ubuntu/Desktop/COMS-E6998-Comparing-MyHDL-and-PyMTL/sim/src/sha1.v
    Info (12023): Found entity 1: sha1 File: /home/ubuntu/Desktop/COMS-E6998-Comparing-MyHDL-and-PyMTL/sim/src/sha1.v Line: 8
Warning (10236): Verilog HDL Implicit Net warning at tb_sha1.v(119): created implicit net for "tb_error" File: /home/ubuntu/Desktop/COMS-E6998-Comparing-MyHDL-and-PyMTL/sim/src/tb_sha1.v Line: 119
Info (12127): Elaborating entity "sha1" for the top level hierarchy
Warning (10230): Verilog HDL assignment warning at sha1.v(257): truncated value with size 32 to match size of target (7) File: /home/ubuntu/Desktop/COMS-E6998-Comparing-MyHDL-and-PyMTL/sim/src/sha1.v Line: 257
Warning (10230): Verilog HDL assignment warning at sha1.v(356): truncated value with size 33 to match size of target (32) File: /home/ubuntu/Desktop/COMS-E6998-Comparing-MyHDL-and-PyMTL/sim/src/sha1.v Line: 356
Warning (10230): Verilog HDL assignment warning at sha1.v(357): truncated value with size 33 to match size of target (32) File: /home/ubuntu/Desktop/COMS-E6998-Comparing-MyHDL-and-PyMTL/sim/src/sha1.v Line: 357
Warning (10230): Verilog HDL assignment warning at sha1.v(359): truncated value with size 33 to match size of target (32) File: /home/ubuntu/Desktop/COMS-E6998-Comparing-MyHDL-and-PyMTL/sim/src/sha1.v Line: 359
Warning (10230): Verilog HDL assignment warning at sha1.v(391): truncated value with size 33 to match size of target (32) File: /home/ubuntu/Desktop/COMS-E6998-Comparing-MyHDL-and-PyMTL/sim/src/sha1.v Line: 391
Warning (10230): Verilog HDL assignment warning at sha1.v(392): truncated value with size 33 to match size of target (32) File: /home/ubuntu/Desktop/COMS-E6998-Comparing-MyHDL-and-PyMTL/sim/src/sha1.v Line: 392
Warning (10230): Verilog HDL assignment warning at sha1.v(394): truncated value with size 33 to match size of target (32) File: /home/ubuntu/Desktop/COMS-E6998-Comparing-MyHDL-and-PyMTL/sim/src/sha1.v Line: 394
Warning (10230): Verilog HDL assignment warning at sha1.v(416): truncated value with size 33 to match size of target (32) File: /home/ubuntu/Desktop/COMS-E6998-Comparing-MyHDL-and-PyMTL/sim/src/sha1.v Line: 416
Warning (10230): Verilog HDL assignment warning at sha1.v(420): truncated value with size 33 to match size of target (32) File: /home/ubuntu/Desktop/COMS-E6998-Comparing-MyHDL-and-PyMTL/sim/src/sha1.v Line: 420
Warning (10230): Verilog HDL assignment warning at sha1.v(445): truncated value with size 32 to match size of target (7) File: /home/ubuntu/Desktop/COMS-E6998-Comparing-MyHDL-and-PyMTL/sim/src/sha1.v Line: 445
Info (10264): Verilog HDL Case Statement information at sha1.v(490): all case item expressions in this case statement are onehot File: /home/ubuntu/Desktop/COMS-E6998-Comparing-MyHDL-and-PyMTL/sim/src/sha1.v Line: 490
Info (286030): Timing-Driven Synthesis is running
Info (16010): Generating hard_block partition "hard_block:auto_generated_inst"
    Info (16011): Adding 0 node(s), including 0 DDIO, 0 PLL, 0 transceiver and 0 LCELL
Info (21057): Implemented 2223 device resources after synthesis - the final resource count might be different
    Info (21058): Implemented 44 input pins
    Info (21059): Implemented 33 output pins
    Info (21061): Implemented 2146 logic cells
Info: Quartus Prime Analysis & Synthesis was successful. 0 errors, 11 warnings
    Info: Peak virtual memory: 1020 megabytes
    Info: Processing ended: Thu Apr 19 16:06:19 2018
    Info: Elapsed time: 00:00:14
    Info: Total CPU time (on all processors): 00:00:20


